<?xml version="1.0" encoding="UTF-8"?>
<!-- Generated by org.testng.reporters.JUnitXMLReporter -->
<testsuite ignored="0" hostname="C21OC09PF2KS3DD" failures="0" tests="3" name="Default test" time="0.083" errors="0" timestamp="2022-02-26T11:14:19 CST">
  <testcase classname="javaBasic.HolaMundo" name="typeOfVariables" time="0.013"/>
  <testcase classname="javaBasic.HolaMundo" name="showConsole" time="0.003"/>
  <testcase classname="javaBasic.HolaMundo" name="sumatoriaDeDosNumeros" time="0.006"/>
</testsuite> <!-- Default test -->
