<?xml version="1.0" encoding="UTF-8"?>
<testng-results ignored="0" total="3" passed="3" failed="0" skipped="0">
  <reporter-output>
    <line>
      <![CDATA[El valor de la variable: 10]]>
    </line>
    <line>
      <![CDATA[ El valor de la sumatoria: 20]]>
    </line>
    <line>
      <![CDATA[Hola mundo]]>
    </line>
    <line>
      <![CDATA[La sumatoria es: 21]]>
    </line>
    <line>
      <![CDATA[El resultado de la suma es: 109.0]]>
    </line>
    <line>
      <![CDATA[El resultado de la resta es: -89.0]]>
    </line>
    <line>
      <![CDATA[El resultado de la Multiplicacion es: 990.0]]>
    </line>
    <line>
      <![CDATA[El resultado de la division es: 0.0]]>
    </line>
    <line>
      <![CDATA[El resultado del residuo es: 10.0]]>
    </line>
  </reporter-output>
  <suite started-at="2022-02-26T11:14:19 CST" name="Default suite" finished-at="2022-02-26T11:14:19 CST" duration-ms="83">
    <groups>
    </groups>
    <test started-at="2022-02-26T11:14:19 CST" name="Default test" finished-at="2022-02-26T11:14:19 CST" duration-ms="83">
      <class name="javaBasic.HolaMundo">
        <test-method signature="typeOfVariables()[pri:1, instance:javaBasic.HolaMundo@50eac852]" started-at="2022-02-26T11:14:19 CST" name="typeOfVariables" finished-at="2022-02-26T11:14:19 CST" duration-ms="13" status="PASS">
          <reporter-output>
            <line>
              <![CDATA[El valor de la variable: 10]]>
            </line>
            <line>
              <![CDATA[ El valor de la sumatoria: 20]]>
            </line>
          </reporter-output>
        </test-method> <!-- typeOfVariables -->
        <test-method signature="showConsole()[pri:2, instance:javaBasic.HolaMundo@50eac852]" started-at="2022-02-26T11:14:19 CST" name="showConsole" finished-at="2022-02-26T11:14:19 CST" duration-ms="3" status="PASS">
          <reporter-output>
            <line>
              <![CDATA[Hola mundo]]>
            </line>
            <line>
              <![CDATA[La sumatoria es: 21]]>
            </line>
          </reporter-output>
        </test-method> <!-- showConsole -->
        <test-method signature="sumatoriaDeDosNumeros()[pri:3, instance:javaBasic.HolaMundo@50eac852]" started-at="2022-02-26T11:14:19 CST" name="sumatoriaDeDosNumeros" finished-at="2022-02-26T11:14:19 CST" duration-ms="6" status="PASS">
          <reporter-output>
            <line>
              <![CDATA[El resultado de la suma es: 109.0]]>
            </line>
            <line>
              <![CDATA[El resultado de la resta es: -89.0]]>
            </line>
            <line>
              <![CDATA[El resultado de la Multiplicacion es: 990.0]]>
            </line>
            <line>
              <![CDATA[El resultado de la division es: 0.0]]>
            </line>
            <line>
              <![CDATA[El resultado del residuo es: 10.0]]>
            </line>
          </reporter-output>
        </test-method> <!-- sumatoriaDeDosNumeros -->
      </class> <!-- javaBasic.HolaMundo -->
    </test> <!-- Default test -->
  </suite> <!-- Default suite -->
</testng-results>
